2023.10.22 12:02:19 INFO  Started: Metals version 1.1.0 in folders 'C:\Users\hiper\CS\Kojun' for client Visual Studio Code 1.81.0.
2023.10.22 12:02:21 WARN  Build server is not auto-connectable.
2023.10.22 12:02:21 WARN  no build target for: C:\Users\hiper\CS\Kojun\kojun\src\data_structures\data.scala
Oct 22, 2023 12:02:22 PM org.eclipse.lsp4j.jsonrpc.RemoteEndpoint handleCancellation
WARNING: Unmatched cancel notification for request id 1
2023.10.23 14:35:40 INFO  Started: Metals version 1.1.0 in folders '/home/isac/Desktop/Schollhub/Kojun' for client Visual Studio Code 1.83.1.[0m
2023.10.23 14:35:45 WARN  Build server is not auto-connectable.[0m
2023.10.23 14:35:45 WARN  no build target for: /home/isac/Desktop/Schollhub/Kojun/kojun/src/main/scala/Main.scala[0m
2023.10.23 14:36:07 INFO  no build target found for /home/isac/Desktop/Schollhub/Kojun/kojun/src/main/scala/Main.scala. Using presentation compiler with project's scala-library version: 3.3.1[0m
2023.10.23 14:36:09 INFO  time: code lens generation in 23s[0m
2023.10.23 14:45:06 WARN  no build target for: /home/isac/Desktop/Schollhub/Kojun/kojun/src/main/scala/big.scala[0m
2023.10.23 14:45:17 WARN  no build target for: /home/isac/Desktop/Schollhub/Kojun/kojun/src/main/scala/data.scala[0m
2023.10.23 14:45:20 WARN  no build target for: /home/isac/Desktop/Schollhub/Kojun/kojun/src/main/scala/data.scala[0m
2023.10.23 14:45:32 WARN  no build target for: /home/isac/Desktop/Schollhub/Kojun/kojun/src/main/scala/kojun.scala[0m
Downloading https://repo1.maven.org/maven2/com/typesafe/config/1.4.1/config-1.4.1.pom
Downloaded https://repo1.maven.org/maven2/com/typesafe/config/1.4.1/config-1.4.1.pom
Downloading https://repo1.maven.org/maven2/com/typesafe/config/1.4.1/config-1.4.1.jar
Downloaded https://repo1.maven.org/maven2/com/typesafe/config/1.4.1/config-1.4.1.jar
2023.10.23 14:49:05 WARN  no build target for: /home/isac/Desktop/Schollhub/Kojun/kojun/src/main/scala/kojun.scala[0m
2023.10.23 14:49:43 WARN  no build target for: /home/isac/Desktop/Schollhub/Kojun/kojun/src/main/scala/kojun.scala[0m
2023.10.23 14:49:45 WARN  no build target for: /home/isac/Desktop/Schollhub/Kojun/kojun/src/main/scala/kojun.scala[0m
2023.10.23 14:50:22 WARN  no build target for: /home/isac/Desktop/Schollhub/Kojun/kojun/src/main/scala/kojun.scala[0m
2023.10.23 14:50:22 WARN  no build target for: /home/isac/Desktop/Schollhub/Kojun/kojun/src/main/scala/kojun.scala[0m
2023.10.23 14:50:56 WARN  no build target for: /home/isac/Desktop/Schollhub/Kojun/kojun/src/main/scala/kojun.scala[0m
2023.10.23 14:51:26 WARN  no build target for: /home/isac/Desktop/Schollhub/Kojun/kojun/src/main/scala/kojun.scala[0m
2023.10.23 14:51:26 WARN  no build target for: /home/isac/Desktop/Schollhub/Kojun/kojun/src/main/scala/kojun.scala[0m
2023.10.23 14:51:27 WARN  no build target for: /home/isac/Desktop/Schollhub/Kojun/kojun/src/main/scala/kojun.scala[0m
2023.10.23 14:52:53 WARN  no build target for: /home/isac/Desktop/Schollhub/Kojun/kojun/src/main/scala/kojun.scala[0m
2023.10.23 14:53:29 WARN  no build target for: /home/isac/Desktop/Schollhub/Kojun/kojun/src/main/scala/kojun.scala[0m
2023.10.23 14:53:30 WARN  no build target for: /home/isac/Desktop/Schollhub/Kojun/kojun/src/main/scala/kojun.scala[0m
Oct 23, 2023 2:53:40 PM org.eclipse.lsp4j.jsonrpc.services.GenericEndpoint notify
INFO: Unsupported notification method: $/setTrace
2023.10.24 13:25:18 INFO  Started: Metals version 1.1.0 in folders '/home/isac/Desktop/Schollhub/Kojun' for client Visual Studio Code 1.83.1.[0m
2023.10.24 13:25:19 WARN  Build server is not auto-connectable.[0m
2023.10.24 13:25:19 WARN  no build target for: /home/isac/Desktop/Schollhub/Kojun/kojun/src/main/scala/kojun.scala[0m
2023.10.24 13:25:22 INFO  no build target found for /home/isac/Desktop/Schollhub/Kojun/kojun/src/main/scala/kojun.scala. Using presentation compiler with project's scala-library version: 3.3.1[0m
2023.10.24 13:25:24 INFO  time: code lens generation in 4.13s[0m
2023.10.24 13:25:24 INFO  time: code lens generation in 4.67s[0m
2023.10.24 13:30:13 WARN  no build target for: /home/isac/Desktop/Schollhub/Kojun/kojun/src/main/scala/kojun.scala[0m
2023.10.24 13:31:40 WARN  no build target for: /home/isac/Desktop/Schollhub/Kojun/kojun/src/main/scala/kojun.scala[0m
2023.10.24 13:31:42 WARN  no build target for: /home/isac/Desktop/Schollhub/Kojun/kojun/src/main/scala/kojun.scala[0m
2023.10.24 13:32:58 WARN  no build target for: /home/isac/Desktop/Schollhub/Kojun/kojun/src/main/scala/kojun.scala[0m
2023.10.24 13:32:59 WARN  no build target for: /home/isac/Desktop/Schollhub/Kojun/kojun/src/main/scala/kojun.scala[0m
2023.10.24 13:32:58 WARN  no build target for: /home/isac/Desktop/Schollhub/Kojun/kojun/src/main/scala/kojun.scala[0m
2023.10.24 13:33:44 WARN  no build target for: /home/isac/Desktop/Schollhub/Kojun/kojun/src/main/scala/kojun.scala[0m
2023.10.24 13:34:59 WARN  no build target for: /home/isac/Desktop/Schollhub/Kojun/kojun/src/main/scala/kojun.scala[0m
2023.10.24 13:36:43 WARN  no build target for: /home/isac/Desktop/Schollhub/Kojun/kojun/src/main/scala/kojun.scala[0m
2023.10.24 13:36:43 WARN  no build target for: /home/isac/Desktop/Schollhub/Kojun/kojun/src/main/scala/kojun.scala[0m
2023.10.24 13:36:44 WARN  no build target for: /home/isac/Desktop/Schollhub/Kojun/kojun/src/main/scala/kojun.scala[0m
2023.10.24 13:36:43 WARN  no build target for: /home/isac/Desktop/Schollhub/Kojun/kojun/src/main/scala/kojun.scala[0m
2023.10.24 13:36:44 WARN  no build target for: /home/isac/Desktop/Schollhub/Kojun/kojun/src/main/scala/kojun.scala[0m
Oct 24, 2023 1:36:47 PM org.eclipse.lsp4j.jsonrpc.services.GenericEndpoint notify
INFO: Unsupported notification method: $/setTrace
2023.10.24 13:37:17 WARN  no build target for: /home/isac/Desktop/Schollhub/Kojun/kojun/src/main/scala/kojun.scala[0m
2023.10.24 13:37:17 WARN  no build target for: /home/isac/Desktop/Schollhub/Kojun/kojun/src/main/scala/kojun.scala[0m
2023.10.24 13:46:12 WARN  no build target for: /home/isac/Desktop/Schollhub/Kojun/kojun/src/main/scala/Main.scala[0m
2023.10.24 13:46:37 WARN  no build target for: /home/isac/Desktop/Schollhub/Kojun/kojun/src/main/scala/Main.scala[0m
2023.10.24 13:46:37 WARN  no build target for: /home/isac/Desktop/Schollhub/Kojun/kojun/src/main/scala/Main.scala[0m
2023.10.24 13:46:37 WARN  no build target for: /home/isac/Desktop/Schollhub/Kojun/kojun/src/main/scala/Main.scala[0m
2023.10.24 13:47:44 WARN  no build target for: /home/isac/Desktop/Schollhub/Kojun/kojun/src/main/scala/kojun.scala[0m
2023.10.24 13:48:06 WARN  no build target for: /home/isac/Desktop/Schollhub/Kojun/kojun/src/main/scala/kojun.scala[0m
2023.10.24 13:48:07 WARN  no build target for: /home/isac/Desktop/Schollhub/Kojun/kojun/src/main/scala/kojun.scala[0m
2023.10.24 13:48:08 WARN  no build target for: /home/isac/Desktop/Schollhub/Kojun/kojun/src/main/scala/data.scala[0m
2023.10.24 13:48:31 WARN  no build target for: /home/isac/Desktop/Schollhub/Kojun/kojun/src/main/scala/Main.scala[0m
2023.10.24 13:48:31 WARN  no build target for: /home/isac/Desktop/Schollhub/Kojun/kojun/src/main/scala/Main.scala[0m
2023.10.24 13:48:31 WARN  no build target for: /home/isac/Desktop/Schollhub/Kojun/kojun/src/main/scala/Main.scala[0m
2023.10.24 13:49:40 WARN  no build target for: /home/isac/Desktop/Schollhub/Kojun/kojun/build.sbt[0m
2023.10.24 13:50:00 ERROR scalafmt: /home/isac/Desktop/Schollhub/Kojun/kojun/build.sbt:12: error: [dialect scala3] ) expected but string constant found
    libraryDependencies += "org.typelevel" %% "cats-effect" % "3.5.3"
                           ^[0m
2023.10.24 13:50:00 WARN  no build target for: /home/isac/Desktop/Schollhub/Kojun/kojun/build.sbt[0m
2023.10.24 13:50:00 ERROR scalafmt: /home/isac/Desktop/Schollhub/Kojun/kojun/build.sbt:12: error: [dialect scala3] ) expected but string constant found
    libraryDependencies += "org.typelevel" %% "cats-effect" % "3.5.3"
                           ^[0m
2023.10.24 13:50:00 WARN  no build target for: /home/isac/Desktop/Schollhub/Kojun/kojun/build.sbt[0m
2023.10.24 13:50:26 ERROR scalafmt: /home/isac/Desktop/Schollhub/Kojun/kojun/build.sbt:13: error: [dialect scala3] ; expected but ) found
  )
  ^[0m
2023.10.24 13:50:26 WARN  no build target for: /home/isac/Desktop/Schollhub/Kojun/kojun/build.sbt[0m
2023.10.24 13:50:37 WARN  no build target for: /home/isac/Desktop/Schollhub/Kojun/kojun/build.sbt[0m
2023.10.24 13:51:51 INFO  skipping build import with status 'Dismissed'[0m
2023.10.24 13:52:20 ERROR Failed to tokenize input for semantic tokens for /home/isac/Desktop/Schollhub/Kojun/kojun/build.sbt
scala.meta.tokenizers.TokenizeException: <input>:9: error: unclosed string interpolation
    libraryDependencies += "org.typelevel" %% "cats-effect" % "3.5.3 org.scalameta" %% "munit" % "0.7.29" % Test"
                                                                                                                 ^
	at scala.meta.internal.tokenizers.Reporter.syntaxError(Reporter.scala:23)
	at scala.meta.internal.tokenizers.Reporter.syntaxError$(Reporter.scala:23)
	at scala.meta.internal.tokenizers.Reporter$$anon$1.syntaxError(Reporter.scala:33)
	at scala.meta.internal.tokenizers.Reporter.syntaxError(Reporter.scala:25)
	at scala.meta.internal.tokenizers.Reporter.syntaxError$(Reporter.scala:25)
	at scala.meta.internal.tokenizers.Reporter$$anon$1.syntaxError(Reporter.scala:33)
	at scala.meta.internal.tokenizers.LegacyScanner.getStringPart(LegacyScanner.scala:659)
	at scala.meta.internal.tokenizers.LegacyScanner.fetchDoubleQuote$1(LegacyScanner.scala:357)
	at scala.meta.internal.tokenizers.LegacyScanner.fetchToken(LegacyScanner.scala:376)
	at scala.meta.internal.tokenizers.LegacyScanner.nextToken(LegacyScanner.scala:211)
	at scala.meta.internal.tokenizers.LegacyScanner.foreach(LegacyScanner.scala:1011)
	at scala.meta.internal.tokenizers.ScalametaTokenizer.uncachedTokenize(ScalametaTokenizer.scala:24)
	at scala.meta.internal.tokenizers.ScalametaTokenizer.$anonfun$tokenize$1(ScalametaTokenizer.scala:17)
	at scala.collection.concurrent.TrieMap.getOrElseUpdate(TrieMap.scala:962)
	at scala.meta.internal.tokenizers.ScalametaTokenizer.tokenize(ScalametaTokenizer.scala:17)
	at scala.meta.internal.tokenizers.ScalametaTokenizer$$anon$2.apply(ScalametaTokenizer.scala:332)
	at scala.meta.tokenizers.Api$XtensionTokenizeDialectInput.tokenize(Api.scala:25)
	at scala.meta.tokenizers.Api$XtensionTokenizeInputLike.tokenize(Api.scala:14)
	at scala.meta.internal.metals.SemanticTokensProvider$.getTokens(SemanticTokensProvider.scala:28)
	at scala.meta.internal.metals.SemanticTokensProvider$.provide(SemanticTokensProvider.scala:89)
	at scala.meta.internal.metals.Compilers.$anonfun$semanticTokens$3(Compilers.scala:539)
	at scala.concurrent.impl.Promise$Transformation.run(Promise.scala:467)
	at java.util.concurrent.ThreadPoolExecutor.runWorker(ThreadPoolExecutor.java:1128)
	at java.util.concurrent.ThreadPoolExecutor$Worker.run(ThreadPoolExecutor.java:628)
	at java.lang.Thread.run(Thread.java:829)
[0m
2023.10.24 13:52:21 ERROR scalafmt: /home/isac/Desktop/Schollhub/Kojun/kojun/build.sbt:9: error: unclosed string interpolation
    libraryDependencies += "org.typelevel" %% "cats-effect" % "3.5.3 org.scalameta" %% "munit" % "0.7.29" % Test"
                                                                                                                 ^[0m
2023.10.24 13:52:21 WARN  no build target for: /home/isac/Desktop/Schollhub/Kojun/kojun/build.sbt[0m
2023.10.24 13:52:21 WARN  Skipping build import, no checksum.[0m
2023.10.24 13:52:21 ERROR Failed to tokenize input for semantic tokens for /home/isac/Desktop/Schollhub/Kojun/kojun/build.sbt
scala.meta.tokenizers.TokenizeException: <input>:9: error: unclosed string interpolation
    libraryDependencies += "org.typelevel" %% "cats-effect" % "3.5.3 org.scalameta" %% "munit" % "0.7.29" % Test"
                                                                                                                 ^
	at scala.meta.internal.tokenizers.Reporter.syntaxError(Reporter.scala:23)
	at scala.meta.internal.tokenizers.Reporter.syntaxError$(Reporter.scala:23)
	at scala.meta.internal.tokenizers.Reporter$$anon$1.syntaxError(Reporter.scala:33)
	at scala.meta.internal.tokenizers.Reporter.syntaxError(Reporter.scala:25)
	at scala.meta.internal.tokenizers.Reporter.syntaxError$(Reporter.scala:25)
	at scala.meta.internal.tokenizers.Reporter$$anon$1.syntaxError(Reporter.scala:33)
	at scala.meta.internal.tokenizers.LegacyScanner.getStringPart(LegacyScanner.scala:659)
	at scala.meta.internal.tokenizers.LegacyScanner.fetchDoubleQuote$1(LegacyScanner.scala:357)
	at scala.meta.internal.tokenizers.LegacyScanner.fetchToken(LegacyScanner.scala:376)
	at scala.meta.internal.tokenizers.LegacyScanner.nextToken(LegacyScanner.scala:211)
	at scala.meta.internal.tokenizers.LegacyScanner.foreach(LegacyScanner.scala:1011)
	at scala.meta.internal.tokenizers.ScalametaTokenizer.uncachedTokenize(ScalametaTokenizer.scala:24)
	at scala.meta.internal.tokenizers.ScalametaTokenizer.$anonfun$tokenize$1(ScalametaTokenizer.scala:17)
	at scala.collection.concurrent.TrieMap.getOrElseUpdate(TrieMap.scala:962)
	at scala.meta.internal.tokenizers.ScalametaTokenizer.tokenize(ScalametaTokenizer.scala:17)
	at scala.meta.internal.tokenizers.ScalametaTokenizer$$anon$2.apply(ScalametaTokenizer.scala:332)
	at scala.meta.tokenizers.Api$XtensionTokenizeDialectInput.tokenize(Api.scala:25)
	at scala.meta.tokenizers.Api$XtensionTokenizeInputLike.tokenize(Api.scala:14)
	at scala.meta.internal.metals.SemanticTokensProvider$.getTokens(SemanticTokensProvider.scala:28)
	at scala.meta.internal.metals.SemanticTokensProvider$.provide(SemanticTokensProvider.scala:89)
	at scala.meta.internal.metals.Compilers.$anonfun$semanticTokens$3(Compilers.scala:539)
	at scala.concurrent.impl.Promise$Transformation.run(Promise.scala:467)
	at java.util.concurrent.ThreadPoolExecutor.runWorker(ThreadPoolExecutor.java:1128)
	at java.util.concurrent.ThreadPoolExecutor$Worker.run(ThreadPoolExecutor.java:628)
	at java.lang.Thread.run(Thread.java:829)
[0m
2023.10.24 13:52:28 ERROR Failed to tokenize input for semantic tokens for /home/isac/Desktop/Schollhub/Kojun/kojun/build.sbt
scala.meta.tokenizers.TokenizeException: <input>:9: error: unclosed character literal
    libraryDependencies += "org.typelevel" %% "cats-effect" % "3.5.3 org.scalameta" %% "munit" % "0.7.29" %'' Test
                                                                                                           ^
	at scala.meta.internal.tokenizers.Reporter.syntaxError(Reporter.scala:23)
	at scala.meta.internal.tokenizers.Reporter.syntaxError$(Reporter.scala:23)
	at scala.meta.internal.tokenizers.Reporter$$anon$1.syntaxError(Reporter.scala:33)
	at scala.meta.internal.tokenizers.Reporter.syntaxError(Reporter.scala:25)
	at scala.meta.internal.tokenizers.Reporter.syntaxError$(Reporter.scala:25)
	at scala.meta.internal.tokenizers.Reporter$$anon$1.syntaxError(Reporter.scala:33)
	at scala.meta.internal.tokenizers.LegacyScanner.fetchSingleQuote$1(LegacyScanner.scala:407)
	at scala.meta.internal.tokenizers.LegacyScanner.fetchToken(LegacyScanner.scala:412)
	at scala.meta.internal.tokenizers.LegacyScanner.nextToken(LegacyScanner.scala:211)
	at scala.meta.internal.tokenizers.LegacyScanner.foreach(LegacyScanner.scala:1011)
	at scala.meta.internal.tokenizers.ScalametaTokenizer.uncachedTokenize(ScalametaTokenizer.scala:24)
	at scala.meta.internal.tokenizers.ScalametaTokenizer.$anonfun$tokenize$1(ScalametaTokenizer.scala:17)
	at scala.collection.concurrent.TrieMap.getOrElseUpdate(TrieMap.scala:962)
	at scala.meta.internal.tokenizers.ScalametaTokenizer.tokenize(ScalametaTokenizer.scala:17)
	at scala.meta.internal.tokenizers.ScalametaTokenizer$$anon$2.apply(ScalametaTokenizer.scala:332)
	at scala.meta.tokenizers.Api$XtensionTokenizeDialectInput.tokenize(Api.scala:25)
	at scala.meta.tokenizers.Api$XtensionTokenizeInputLike.tokenize(Api.scala:14)
	at scala.meta.internal.metals.SemanticTokensProvider$.getTokens(SemanticTokensProvider.scala:28)
	at scala.meta.internal.metals.SemanticTokensProvider$.provide(SemanticTokensProvider.scala:89)
	at scala.meta.internal.metals.Compilers.$anonfun$semanticTokens$3(Compilers.scala:539)
	at scala.concurrent.impl.Promise$Transformation.run(Promise.scala:467)
	at java.util.concurrent.ThreadPoolExecutor.runWorker(ThreadPoolExecutor.java:1128)
	at java.util.concurrent.ThreadPoolExecutor$Worker.run(ThreadPoolExecutor.java:628)
	at java.lang.Thread.run(Thread.java:829)
[0m
2023.10.24 13:52:37 ERROR Failed to tokenize input for semantic tokens for /home/isac/Desktop/Schollhub/Kojun/kojun/build.sbt
scala.meta.tokenizers.TokenizeException: <input>:9: error: unclosed string literal
    libraryDependencies += "org.typelevel" %% "cats-effect" % "3.5.3 org.scalameta" %% "munit" % "0.7.29" %" Test
                                                                                                           ^
	at scala.meta.internal.tokenizers.Reporter.syntaxError(Reporter.scala:23)
	at scala.meta.internal.tokenizers.Reporter.syntaxError$(Reporter.scala:23)
	at scala.meta.internal.tokenizers.Reporter$$anon$1.syntaxError(Reporter.scala:33)
	at scala.meta.internal.tokenizers.Reporter.syntaxError(Reporter.scala:25)
	at scala.meta.internal.tokenizers.Reporter.syntaxError$(Reporter.scala:25)
	at scala.meta.internal.tokenizers.Reporter$$anon$1.syntaxError(Reporter.scala:33)
	at scala.meta.internal.tokenizers.LegacyScanner.getStringLit(LegacyScanner.scala:553)
	at scala.meta.internal.tokenizers.LegacyScanner.fetchDoubleQuote$1(LegacyScanner.scala:372)
	at scala.meta.internal.tokenizers.LegacyScanner.fetchToken(LegacyScanner.scala:376)
	at scala.meta.internal.tokenizers.LegacyScanner.nextToken(LegacyScanner.scala:211)
	at scala.meta.internal.tokenizers.LegacyScanner.foreach(LegacyScanner.scala:1011)
	at scala.meta.internal.tokenizers.ScalametaTokenizer.uncachedTokenize(ScalametaTokenizer.scala:24)
	at scala.meta.internal.tokenizers.ScalametaTokenizer.$anonfun$tokenize$1(ScalametaTokenizer.scala:17)
	at scala.collection.concurrent.TrieMap.getOrElseUpdate(TrieMap.scala:962)
	at scala.meta.internal.tokenizers.ScalametaTokenizer.tokenize(ScalametaTokenizer.scala:17)
	at scala.meta.internal.tokenizers.ScalametaTokenizer$$anon$2.apply(ScalametaTokenizer.scala:332)
	at scala.meta.tokenizers.Api$XtensionTokenizeDialectInput.tokenize(Api.scala:25)
	at scala.meta.tokenizers.Api$XtensionTokenizeInputLike.tokenize(Api.scala:14)
	at scala.meta.internal.metals.SemanticTokensProvider$.getTokens(SemanticTokensProvider.scala:28)
	at scala.meta.internal.metals.SemanticTokensProvider$.provide(SemanticTokensProvider.scala:89)
	at scala.meta.internal.metals.Compilers.$anonfun$semanticTokens$3(Compilers.scala:539)
	at scala.concurrent.impl.Promise$Transformation.run(Promise.scala:467)
	at java.util.concurrent.ThreadPoolExecutor.runWorker(ThreadPoolExecutor.java:1128)
	at java.util.concurrent.ThreadPoolExecutor$Worker.run(ThreadPoolExecutor.java:628)
	at java.lang.Thread.run(Thread.java:829)
[0m
2023.10.24 13:52:37 ERROR scalafmt: /home/isac/Desktop/Schollhub/Kojun/kojun/build.sbt:9: error: unclosed string literal
    libraryDependencies += "org.typelevel" %% "cats-effect" % "3.5.3 org.scalameta" %% "munit" % "0.7.29" %" Test
                                                                                                           ^[0m
2023.10.24 13:52:37 WARN  Skipping build import, no checksum.[0m
2023.10.24 13:52:37 WARN  no build target for: /home/isac/Desktop/Schollhub/Kojun/kojun/build.sbt[0m
2023.10.24 13:52:37 ERROR Failed to tokenize input for semantic tokens for /home/isac/Desktop/Schollhub/Kojun/kojun/build.sbt
scala.meta.tokenizers.TokenizeException: <input>:9: error: unclosed string literal
    libraryDependencies += "org.typelevel" %% "cats-effect" % "3.5.3 org.scalameta" %% "munit" % "0.7.29" %" Test
                                                                                                           ^
	at scala.meta.internal.tokenizers.Reporter.syntaxError(Reporter.scala:23)
	at scala.meta.internal.tokenizers.Reporter.syntaxError$(Reporter.scala:23)
	at scala.meta.internal.tokenizers.Reporter$$anon$1.syntaxError(Reporter.scala:33)
	at scala.meta.internal.tokenizers.Reporter.syntaxError(Reporter.scala:25)
	at scala.meta.internal.tokenizers.Reporter.syntaxError$(Reporter.scala:25)
	at scala.meta.internal.tokenizers.Reporter$$anon$1.syntaxError(Reporter.scala:33)
	at scala.meta.internal.tokenizers.LegacyScanner.getStringLit(LegacyScanner.scala:553)
	at scala.meta.internal.tokenizers.LegacyScanner.fetchDoubleQuote$1(LegacyScanner.scala:372)
	at scala.meta.internal.tokenizers.LegacyScanner.fetchToken(LegacyScanner.scala:376)
	at scala.meta.internal.tokenizers.LegacyScanner.nextToken(LegacyScanner.scala:211)
	at scala.meta.internal.tokenizers.LegacyScanner.foreach(LegacyScanner.scala:1011)
	at scala.meta.internal.tokenizers.ScalametaTokenizer.uncachedTokenize(ScalametaTokenizer.scala:24)
	at scala.meta.internal.tokenizers.ScalametaTokenizer.$anonfun$tokenize$1(ScalametaTokenizer.scala:17)
	at scala.collection.concurrent.TrieMap.getOrElseUpdate(TrieMap.scala:962)
	at scala.meta.internal.tokenizers.ScalametaTokenizer.tokenize(ScalametaTokenizer.scala:17)
	at scala.meta.internal.tokenizers.ScalametaTokenizer$$anon$2.apply(ScalametaTokenizer.scala:332)
	at scala.meta.tokenizers.Api$XtensionTokenizeDialectInput.tokenize(Api.scala:25)
	at scala.meta.tokenizers.Api$XtensionTokenizeInputLike.tokenize(Api.scala:14)
	at scala.meta.internal.metals.SemanticTokensProvider$.getTokens(SemanticTokensProvider.scala:28)
	at scala.meta.internal.metals.SemanticTokensProvider$.provide(SemanticTokensProvider.scala:89)
	at scala.meta.internal.metals.Compilers.$anonfun$semanticTokens$3(Compilers.scala:539)
	at scala.concurrent.impl.Promise$Transformation.run(Promise.scala:467)
	at java.util.concurrent.ThreadPoolExecutor.runWorker(ThreadPoolExecutor.java:1128)
	at java.util.concurrent.ThreadPoolExecutor$Worker.run(ThreadPoolExecutor.java:628)
	at java.lang.Thread.run(Thread.java:829)
[0m
2023.10.24 13:52:40 WARN  no build target for: /home/isac/Desktop/Schollhub/Kojun/kojun/build.sbt[0m
2023.10.24 13:52:47 WARN  no build target for: /home/isac/Desktop/Schollhub/Kojun/kojun/build.sbt[0m
2023.10.24 13:52:47 INFO  skipping build import with status 'Dismissed'[0m
2023.10.24 13:52:47 WARN  no build target for: /home/isac/Desktop/Schollhub/Kojun/kojun/build.sbt[0m
2023.10.24 13:52:47 INFO  skipping build import with status 'Dismissed'[0m
2023.10.24 13:53:09 ERROR Failed to tokenize input for semantic tokens for /home/isac/Desktop/Schollhub/Kojun/kojun/build.sbt
scala.meta.tokenizers.TokenizeException: <input>:9: error: unclosed character literal
    libraryDependencies += "org.typelevel" %% "cats-effect" % "3.5.3 org.scalameta" %% "munit" % "0.7.29" %'' Test
                                                                                                           ^
	at scala.meta.internal.tokenizers.Reporter.syntaxError(Reporter.scala:23)
	at scala.meta.internal.tokenizers.Reporter.syntaxError$(Reporter.scala:23)
	at scala.meta.internal.tokenizers.Reporter$$anon$1.syntaxError(Reporter.scala:33)
	at scala.meta.internal.tokenizers.Reporter.syntaxError(Reporter.scala:25)
	at scala.meta.internal.tokenizers.Reporter.syntaxError$(Reporter.scala:25)
	at scala.meta.internal.tokenizers.Reporter$$anon$1.syntaxError(Reporter.scala:33)
	at scala.meta.internal.tokenizers.LegacyScanner.fetchSingleQuote$1(LegacyScanner.scala:407)
	at scala.meta.internal.tokenizers.LegacyScanner.fetchToken(LegacyScanner.scala:412)
	at scala.meta.internal.tokenizers.LegacyScanner.nextToken(LegacyScanner.scala:211)
	at scala.meta.internal.tokenizers.LegacyScanner.foreach(LegacyScanner.scala:1011)
	at scala.meta.internal.tokenizers.ScalametaTokenizer.uncachedTokenize(ScalametaTokenizer.scala:24)
	at scala.meta.internal.tokenizers.ScalametaTokenizer.$anonfun$tokenize$1(ScalametaTokenizer.scala:17)
	at scala.collection.concurrent.TrieMap.getOrElseUpdate(TrieMap.scala:962)
	at scala.meta.internal.tokenizers.ScalametaTokenizer.tokenize(ScalametaTokenizer.scala:17)
	at scala.meta.internal.tokenizers.ScalametaTokenizer$$anon$2.apply(ScalametaTokenizer.scala:332)
	at scala.meta.tokenizers.Api$XtensionTokenizeDialectInput.tokenize(Api.scala:25)
	at scala.meta.tokenizers.Api$XtensionTokenizeInputLike.tokenize(Api.scala:14)
	at scala.meta.internal.metals.SemanticTokensProvider$.getTokens(SemanticTokensProvider.scala:28)
	at scala.meta.internal.metals.SemanticTokensProvider$.provide(SemanticTokensProvider.scala:89)
	at scala.meta.internal.metals.Compilers.$anonfun$semanticTokens$3(Compilers.scala:539)
	at scala.concurrent.impl.Promise$Transformation.run(Promise.scala:467)
	at java.util.concurrent.ThreadPoolExecutor.runWorker(ThreadPoolExecutor.java:1128)
	at java.util.concurrent.ThreadPoolExecutor$Worker.run(ThreadPoolExecutor.java:628)
	at java.lang.Thread.run(Thread.java:829)
[0m
2023.10.24 13:53:10 ERROR Failed to tokenize input for semantic tokens for /home/isac/Desktop/Schollhub/Kojun/kojun/build.sbt
scala.meta.tokenizers.TokenizeException: <input>:9: error: unclosed string interpolation
    libraryDependencies += "org.typelevel" %% "cats-effect" % "3.5.3 org.scalameta" %% "munit" % "0.7.29" % Test"
                                                                                                                 ^
	at scala.meta.internal.tokenizers.Reporter.syntaxError(Reporter.scala:23)
	at scala.meta.internal.tokenizers.Reporter.syntaxError$(Reporter.scala:23)
	at scala.meta.internal.tokenizers.Reporter$$anon$1.syntaxError(Reporter.scala:33)
	at scala.meta.internal.tokenizers.Reporter.syntaxError(Reporter.scala:25)
	at scala.meta.internal.tokenizers.Reporter.syntaxError$(Reporter.scala:25)
	at scala.meta.internal.tokenizers.Reporter$$anon$1.syntaxError(Reporter.scala:33)
	at scala.meta.internal.tokenizers.LegacyScanner.getStringPart(LegacyScanner.scala:659)
	at scala.meta.internal.tokenizers.LegacyScanner.fetchDoubleQuote$1(LegacyScanner.scala:357)
	at scala.meta.internal.tokenizers.LegacyScanner.fetchToken(LegacyScanner.scala:376)
	at scala.meta.internal.tokenizers.LegacyScanner.nextToken(LegacyScanner.scala:211)
	at scala.meta.internal.tokenizers.LegacyScanner.foreach(LegacyScanner.scala:1011)
	at scala.meta.internal.tokenizers.ScalametaTokenizer.uncachedTokenize(ScalametaTokenizer.scala:24)
	at scala.meta.internal.tokenizers.ScalametaTokenizer.$anonfun$tokenize$1(ScalametaTokenizer.scala:17)
	at scala.collection.concurrent.TrieMap.getOrElseUpdate(TrieMap.scala:962)
	at scala.meta.internal.tokenizers.ScalametaTokenizer.tokenize(ScalametaTokenizer.scala:17)
	at scala.meta.internal.tokenizers.ScalametaTokenizer$$anon$2.apply(ScalametaTokenizer.scala:332)
	at scala.meta.tokenizers.Api$XtensionTokenizeDialectInput.tokenize(Api.scala:25)
	at scala.meta.tokenizers.Api$XtensionTokenizeInputLike.tokenize(Api.scala:14)
	at scala.meta.internal.metals.SemanticTokensProvider$.getTokens(SemanticTokensProvider.scala:28)
	at scala.meta.internal.metals.SemanticTokensProvider$.provide(SemanticTokensProvider.scala:89)
	at scala.meta.internal.metals.Compilers.$anonfun$semanticTokens$3(Compilers.scala:539)
	at scala.concurrent.impl.Promise$Transformation.run(Promise.scala:467)
	at java.util.concurrent.ThreadPoolExecutor.runWorker(ThreadPoolExecutor.java:1128)
	at java.util.concurrent.ThreadPoolExecutor$Worker.run(ThreadPoolExecutor.java:628)
	at java.lang.Thread.run(Thread.java:829)
[0m
2023.10.24 13:53:36 WARN  no build target for: /home/isac/Desktop/Schollhub/Kojun/kojun/build.sbt[0m
2023.10.24 13:53:36 INFO  skipping build import with status 'Dismissed'[0m
2023.10.24 13:53:38 WARN  no build target for: /home/isac/Desktop/Schollhub/Kojun/kojun/build.sbt[0m
2023.10.24 13:53:38 INFO  skipping build import with status 'Dismissed'[0m
2023.10.24 13:53:38 WARN  no build target for: /home/isac/Desktop/Schollhub/Kojun/kojun/build.sbt[0m
2023.10.24 13:53:38 INFO  skipping build import with status 'Dismissed'[0m
2023.10.24 14:03:03 WARN  no build target for: /home/isac/Desktop/Schollhub/Kojun/kojun/build.sbt[0m
2023.10.24 14:03:09 INFO  running '/usr/lib/jvm/java-11-openjdk-amd64/bin/java -Djline.terminal=jline.UnsupportedTerminal -Dsbt.log.noformat=true -Dfile.encoding=UTF-8 -jar /tmp/metals3492422430313388575/sbt-launch.jar -Dbloop.export-jar-classifiers=sources bloopInstall'[0m
2023.10.24 14:03:10 INFO  [info] welcome to sbt 1.9.6 (Ubuntu Java 11.0.20.1)[0m
2023.10.24 14:03:12 INFO  [info] loading settings for project kojun-build-build from metals.sbt ...[0m
2023.10.24 14:03:12 INFO  [info] loading project definition from /home/isac/Desktop/Schollhub/Kojun/kojun/project/project[0m
2023.10.24 14:03:15 WARN  no build target for: /home/isac/Desktop/Schollhub/Kojun/kojun/project/metals.sbt[0m
2023.10.24 14:03:15 WARN  Could not find semantic tokens for: file:///home/isac/Desktop/Schollhub/Kojun/kojun/project/metals.sbt[0m
2023.10.24 14:03:15 WARN  Could not find semantic tokens for: file:///home/isac/Desktop/Schollhub/Kojun/kojun/project/metals.sbt[0m
2023.10.24 14:03:25 INFO  [info] loading settings for project kojun-build from metals.sbt ...[0m
2023.10.24 14:03:25 INFO  [info] loading project definition from /home/isac/Desktop/Schollhub/Kojun/kojun/project[0m
2023.10.24 14:09:13 INFO  [error] Couldn't run bloopGenerate. Cause: Incomplete(node=Some(Task(_)), tpe=Error, msg=None, causes=List(Incomplete(node=Some(Task(_)), tpe=Error, msg=None, causes=List(Incomplete(node=Some(Task(_)), tpe=Error, msg=None, causes=List(Incomplete(node=Some(Task((tags: Map(Tag(update) -> 1, Tag(network) -> 1), taskDefinitionKey: ScopedKey(Scope(Select(ProjectRef(file:/home/isac/Desktop/Schollhub/Kojun/kojun/project/,kojun-build)), Zero, Zero, Zero),updateClassifiers)))), tpe=Error, msg=None, causes=List(), directCause=Some(lmcoursier.internal.shaded.coursier.error.FetchError$DownloadingArtifacts: Error fetching artifacts:[0m
2023.10.24 14:09:13 INFO  [error] https://repo1.maven.org/maven2/org/scala-sbt/test-agent/1.9.6/test-agent-1.9.6-sources.jar: download error: Caught java.io.IOException (Resource deadlock avoided) while downloading https://repo1.maven.org/maven2/org/scala-sbt/test-agent/1.9.6/test-agent-1.9.6-sources.jar[0m
2023.10.24 14:09:13 INFO  [error] ))), directCause=None)), directCause=None)), directCause=None)[0m
2023.10.24 14:09:13 INFO  [error] lmcoursier.internal.shaded.coursier.error.FetchError$DownloadingArtifacts: Error fetching artifacts:[0m
2023.10.24 14:09:13 INFO  [error] https://repo1.maven.org/maven2/org/scala-sbt/test-agent/1.9.6/test-agent-1.9.6-sources.jar: download error: Caught java.io.IOException (Resource deadlock avoided) while downloading https://repo1.maven.org/maven2/org/scala-sbt/test-agent/1.9.6/test-agent-1.9.6-sources.jar[0m
2023.10.24 14:09:13 INFO  [error] [0m
2023.10.24 14:09:13 INFO  [error] 	at lmcoursier.internal.shaded.coursier.Artifacts$.$anonfun$fetchArtifacts$9(Artifacts.scala:365)[0m
2023.10.24 14:09:13 INFO  [error] 	at lmcoursier.internal.shaded.coursier.util.Task$.$anonfun$flatMap$extension$1(Task.scala:14)[0m
2023.10.24 14:09:13 INFO  [error] 	at lmcoursier.internal.shaded.coursier.util.Task$.$anonfun$flatMap$extension$1$adapted(Task.scala:14)[0m
2023.10.24 14:09:13 INFO  [error] 	at lmcoursier.internal.shaded.coursier.util.Task$.wrap(Task.scala:82)[0m
2023.10.24 14:09:13 INFO  [error] 	at lmcoursier.internal.shaded.coursier.util.Task$.$anonfun$flatMap$2(Task.scala:14)[0m
2023.10.24 14:09:13 INFO  [error] 	at scala.concurrent.Future.$anonfun$flatMap$1(Future.scala:307)[0m
2023.10.24 14:09:13 INFO  [error] 	at scala.concurrent.impl.Promise.$anonfun$transformWith$1(Promise.scala:41)[0m
2023.10.24 14:09:13 INFO  [error] 	at scala.concurrent.impl.CallbackRunnable.run(Promise.scala:64)[0m
2023.10.24 14:09:13 INFO  [error] 	at java.base/java.util.concurrent.ThreadPoolExecutor.runWorker(ThreadPoolExecutor.java:1128)[0m
2023.10.24 14:09:13 INFO  [error] 	at java.base/java.util.concurrent.ThreadPoolExecutor$Worker.run(ThreadPoolExecutor.java:628)[0m
2023.10.24 14:09:13 INFO  [error] 	at java.base/java.lang.Thread.run(Thread.java:829)[0m
2023.10.24 14:09:13 INFO  [error] Caused by: lmcoursier.internal.shaded.coursier.cache.ArtifactError$DownloadError: download error: Caught java.io.IOException (Resource deadlock avoided) while downloading https://repo1.maven.org/maven2/org/scala-sbt/test-agent/1.9.6/test-agent-1.9.6-sources.jar[0m
2023.10.24 14:09:13 INFO  [error] 	at lmcoursier.internal.shaded.coursier.cache.internal.Downloader$.helper$2(Downloader.scala:793)[0m
2023.10.24 14:09:13 INFO  [error] 	at lmcoursier.internal.shaded.coursier.cache.internal.Downloader$.coursier$cache$internal$Downloader$$downloading(Downloader.scala:806)[0m
2023.10.24 14:09:13 INFO  [error] 	at lmcoursier.internal.shaded.coursier.cache.internal.Downloader$Blocking$.remote(Downloader.scala:415)[0m
2023.10.24 14:09:13 INFO  [error] 	at lmcoursier.internal.shaded.coursier.cache.internal.Downloader.$anonfun$remote$6(Downloader.scala:533)[0m
2023.10.24 14:09:13 INFO  [error] 	at scala.concurrent.Future$.$anonfun$apply$1(Future.scala:659)[0m
2023.10.24 14:09:13 INFO  [error] 	at scala.util.Success.$anonfun$map$1(Try.scala:255)[0m
2023.10.24 14:09:13 INFO  [error] 	at scala.util.Success.map(Try.scala:213)[0m
2023.10.24 14:09:13 INFO  [error] 	at scala.concurrent.Future.$anonfun$map$1(Future.scala:292)[0m
2023.10.24 14:09:13 INFO  [error] 	at scala.concurrent.impl.Promise.liftedTree1$1(Promise.scala:33)[0m
2023.10.24 14:09:13 INFO  [error] 	at scala.concurrent.impl.Promise.$anonfun$transform$1(Promise.scala:33)[0m
2023.10.24 14:09:13 INFO  [error] 	at scala.concurrent.impl.CallbackRunnable.run(Promise.scala:64)[0m
2023.10.24 14:09:13 INFO  [error] 	at java.base/java.util.concurrent.ThreadPoolExecutor.runWorker(ThreadPoolExecutor.java:1128)[0m
2023.10.24 14:09:13 INFO  [error] 	at java.base/java.util.concurrent.ThreadPoolExecutor$Worker.run(ThreadPoolExecutor.java:628)[0m
2023.10.24 14:09:13 INFO  [error] 	at java.base/java.lang.Thread.run(Thread.java:829)[0m
2023.10.24 14:09:13 INFO  [error] Caused by: java.io.IOException: Resource deadlock avoided[0m
2023.10.24 14:09:13 INFO  [error] 	at java.base/sun.nio.ch.FileDispatcherImpl.lock0(Native Method)[0m
2023.10.24 14:09:13 INFO  [error] 	at java.base/sun.nio.ch.FileDispatcherImpl.lock(FileDispatcherImpl.java:96)[0m
2023.10.24 14:09:13 INFO  [error] 	at java.base/sun.nio.ch.FileChannelImpl.lock(FileChannelImpl.java:1119)[0m
2023.10.24 14:09:13 INFO  [error] 	at java.base/java.nio.channels.FileChannel.lock(FileChannel.java:1063)[0m
2023.10.24 14:09:13 INFO  [error] 	at lmcoursier.internal.shaded.coursier.paths.CachePath.withStructureLock(CachePath.java:152)[0m
2023.10.24 14:09:13 INFO  [error] 	at lmcoursier.internal.shaded.coursier.cache.CacheLocks$.withStructureLock(CacheLocks.scala:20)[0m
2023.10.24 14:09:13 INFO  [error] 	at lmcoursier.internal.shaded.coursier.cache.internal.Downloader$Blocking$.doDownload(Downloader.scala:291)[0m
2023.10.24 14:09:13 INFO  [error] 	at lmcoursier.internal.shaded.coursier.cache.internal.Downloader$Blocking$.$anonfun$remote$2(Downloader.scala:410)[0m
2023.10.24 14:09:13 INFO  [error] 	at lmcoursier.internal.shaded.coursier.cache.CacheLocks$.loop$1(CacheLocks.scala:73)[0m
2023.10.24 14:09:13 INFO  [error] 	at lmcoursier.internal.shaded.coursier.cache.CacheLocks$.withLockOr(CacheLocks.scala:93)[0m
2023.10.24 14:09:13 INFO  [error] 	at lmcoursier.internal.shaded.coursier.cache.internal.Downloader$Blocking$.$anonfun$remote$1(Downloader.scala:413)[0m
2023.10.24 14:09:13 INFO  [error] 	at lmcoursier.internal.shaded.coursier.cache.internal.Downloader$.$anonfun$downloading$1(Downloader.scala:764)[0m
2023.10.24 14:09:13 INFO  [error] 	at lmcoursier.internal.shaded.coursier.cache.CacheLocks$.withUrlLock(CacheLocks.scala:112)[0m
2023.10.24 14:09:13 INFO  [error] 	at lmcoursier.internal.shaded.coursier.cache.internal.Downloader$.helper$2(Downloader.scala:764)[0m
2023.10.24 14:09:13 INFO  [error] 	at lmcoursier.internal.shaded.coursier.cache.internal.Downloader$.coursier$cache$internal$Downloader$$downloading(Downloader.scala:806)[0m
2023.10.24 14:09:13 INFO  [error] 	at lmcoursier.internal.shaded.coursier.cache.internal.Downloader$Blocking$.remote(Downloader.scala:415)[0m
2023.10.24 14:09:13 INFO  [error] 	at lmcoursier.internal.shaded.coursier.cache.internal.Downloader.$anonfun$remote$6(Downloader.scala:533)[0m
2023.10.24 14:09:13 INFO  [error] 	at scala.concurrent.Future$.$anonfun$apply$1(Future.scala:659)[0m
2023.10.24 14:09:13 INFO  [error] 	at scala.util.Success.$anonfun$map$1(Try.scala:255)[0m
2023.10.24 14:09:13 INFO  [error] 	at scala.util.Success.map(Try.scala:213)[0m
2023.10.24 14:09:13 INFO  [error] 	at scala.concurrent.Future.$anonfun$map$1(Future.scala:292)[0m
2023.10.24 14:09:13 INFO  [error] 	at scala.concurrent.impl.Promise.liftedTree1$1(Promise.scala:33)[0m
2023.10.24 14:09:13 INFO  [error] 	at scala.concurrent.impl.Promise.$anonfun$transform$1(Promise.scala:33)[0m
2023.10.24 14:09:13 INFO  [error] 	at scala.concurrent.impl.CallbackRunnable.run(Promise.scala:64)[0m
2023.10.24 14:09:13 INFO  [error] 	at java.base/java.util.concurrent.ThreadPoolExecutor.runWorker(ThreadPoolExecutor.java:1128)[0m
2023.10.24 14:09:13 INFO  [error] 	at java.base/java.util.concurrent.ThreadPoolExecutor$Worker.run(ThreadPoolExecutor.java:628)[0m
2023.10.24 14:09:13 INFO  [error] 	at java.base/java.lang.Thread.run(Thread.java:829)[0m
2023.10.24 14:09:13 INFO  [error] (updateClassifiers) lmcoursier.internal.shaded.coursier.error.FetchError$DownloadingArtifacts: Error fetching artifacts:[0m
2023.10.24 14:09:13 INFO  [error] https://repo1.maven.org/maven2/org/scala-sbt/test-agent/1.9.6/test-agent-1.9.6-sources.jar: download error: Caught java.io.IOException (Resource deadlock avoided) while downloading https://repo1.maven.org/maven2/org/scala-sbt/test-agent/1.9.6/test-agent-1.9.6-sources.jar[0m
2023.10.24 14:09:13 INFO  [error] Total time: 348 s (05:48), completed Oct 24, 2023, 2:09:13 PM[0m
2023.10.24 14:09:13 INFO  [warn] Project loading failed: (r)etry, (q)uit, (l)ast, or (i)gnore? (default: r)[0m
2023.10.24 14:09:13 INFO  [info] loading settings for project root from build.sbt ...[0m
2023.10.24 14:09:13 INFO  [info] set current project to Kojun (in build file:/home/isac/Desktop/Schollhub/Kojun/kojun/)[0m
2023.10.24 14:19:06 INFO  [success] Generated .bloop/root.json[0m
2023.10.24 14:19:06 INFO  [success] Generated .bloop/root-test.json[0m
2023.10.24 14:19:06 INFO  [success] Total time: 592 s (09:52), completed Oct 24, 2023, 2:19:06 PM[0m
2023.10.24 14:19:06 INFO  time: ran 'sbt bloopInstall' in 15m57s[0m
2023.10.24 14:19:06 INFO  Attempting to connect to the build server...[0m
2023.10.24 14:19:06 INFO  Setting up current java home /usr/lib/jvm/java-11-openjdk-amd64 in /home/isac/.bloop/bloop.json[0m
2023.10.24 14:20:08 ERROR Starting the bsp launcher for bloop...[0m
2023.10.24 14:20:08 ERROR Opening a bsp server connection with 'bsp --protocol local --socket /tmp/bsp-launcher705478344849710455/bsp.socket'...[0m
2023.10.24 14:20:08 ERROR Waiting for the bsp connection to come up...[0m
2023.10.24 14:20:08 ERROR Waiting for the bsp connection to come up...[0m
2023.10.24 14:20:08 ERROR Waiting for the bsp connection to come up...[0m
2023.10.24 14:20:08 ERROR Waiting for the bsp connection to come up...[0m
2023.10.24 14:20:08 ERROR Waiting for the bsp connection to come up...[0m
2023.10.24 14:20:08 ERROR Waiting for the bsp connection to come up...[0m
2023.10.24 14:20:08 ERROR Waiting for the bsp connection to come up...[0m
2023.10.24 14:20:08 ERROR Waiting for the bsp connection to come up...[0m
2023.10.24 14:20:08 ERROR Waiting for the bsp connection to come up...[0m
2023.10.24 14:20:08 ERROR Waiting for the bsp connection to come up...[0m
2023.10.24 14:20:08 ERROR Waiting for the bsp connection to come up...[0m
2023.10.24 14:20:08 ERROR Waiting for the bsp connection to come up...[0m
2023.10.24 14:20:08 ERROR Waiting for the bsp connection to come up...[0m
2023.10.24 14:20:08 ERROR Waiting for the bsp connection to come up...[0m
2023.10.24 14:20:08 ERROR Waiting for the bsp connection to come up...[0m
2023.10.24 14:20:08 ERROR Waiting for the bsp connection to come up...[0m
2023.10.24 14:20:08 ERROR Waiting for the bsp connection to come up...[0m
2023.10.24 14:20:08 ERROR Waiting for the bsp connection to come up...[0m
2023.10.24 14:20:08 ERROR Waiting for the bsp connection to come up...[0m
2023.10.24 14:20:08 ERROR Waiting for the bsp connection to come up...[0m
2023.10.24 14:20:08 ERROR Waiting for the bsp connection to come up...[0m
2023.10.24 14:20:08 ERROR Waiting for the bsp connection to come up...[0m
2023.10.24 14:20:08 ERROR Waiting for the bsp connection to come up...[0m
2023.10.24 14:20:08 ERROR Waiting for the bsp connection to come up...[0m
2023.10.24 14:20:08 ERROR Waiting for the bsp connection to come up...[0m
2023.10.24 14:20:08 ERROR Waiting for the bsp connection to come up...[0m
2023.10.24 14:20:08 ERROR Waiting for the bsp connection to come up...[0m
2023.10.24 14:20:08 ERROR Waiting for the bsp connection to come up...[0m
2023.10.24 14:20:08 ERROR Waiting for the bsp connection to come up...[0m
2023.10.24 14:20:08 ERROR Waiting for the bsp connection to come up...[0m
2023.10.24 14:20:08 ERROR Waiting for the bsp connection to come up...[0m
2023.10.24 14:20:08 ERROR error: Giving up on waiting for a connection, printing embedded bloop logs:[0m
2023.10.24 14:20:08 ERROR > No server running at 127.0.0.1:8212, let's fire one...[0m
2023.10.24 14:20:08 ERROR > Resolving ch.epfl.scala:bloop-frontend_2.12:1.5.11...[0m
2023.10.24 14:20:08 ERROR error: Trying a tcp-based connection to the server instead...[0m
2023.10.24 14:20:08 ERROR Opening a bsp server connection with 'bsp --protocol tcp --port 43864'...[0m
2023.10.24 14:20:08 ERROR Waiting for the bsp connection to come up...[0m
2023.10.24 14:20:08 ERROR Waiting for the bsp connection to come up...[0m
2023.10.24 14:20:08 ERROR Waiting for the bsp connection to come up...[0m
2023.10.24 14:20:08 ERROR Waiting for the bsp connection to come up...[0m
2023.10.24 14:20:08 ERROR Waiting for the bsp connection to come up...[0m
2023.10.24 14:20:08 ERROR Waiting for the bsp connection to come up...[0m
2023.10.24 14:20:08 ERROR Waiting for the bsp connection to come up...[0m
2023.10.24 14:20:08 ERROR Waiting for the bsp connection to come up...[0m
2023.10.24 14:20:08 ERROR Waiting for the bsp connection to come up...[0m
2023.10.24 14:20:08 ERROR Waiting for the bsp connection to come up...[0m
2023.10.24 14:20:08 ERROR Waiting for the bsp connection to come up...[0m
2023.10.24 14:20:08 ERROR Waiting for the bsp connection to come up...[0m
2023.10.24 14:20:08 ERROR Waiting for the bsp connection to come up...[0m
2023.10.24 14:20:08 ERROR Waiting for the bsp connection to come up...[0m
2023.10.24 14:20:08 ERROR Waiting for the bsp connection to come up...[0m
2023.10.24 14:20:08 ERROR Waiting for the bsp connection to come up...[0m
2023.10.24 14:20:08 ERROR Waiting for the bsp connection to come up...[0m
2023.10.24 14:20:08 ERROR Waiting for the bsp connection to come up...[0m
2023.10.24 14:20:08 ERROR Waiting for the bsp connection to come up...[0m
2023.10.24 14:20:08 ERROR Waiting for the bsp connection to come up...[0m
2023.10.24 14:20:08 ERROR Waiting for the bsp connection to come up...[0m
2023.10.24 14:20:08 ERROR Waiting for the bsp connection to come up...[0m
2023.10.24 14:20:08 ERROR Waiting for the bsp connection to come up...[0m
2023.10.24 14:20:08 ERROR Waiting for the bsp connection to come up...[0m
2023.10.24 14:20:08 ERROR Waiting for the bsp connection to come up...[0m
2023.10.24 14:20:08 ERROR Waiting for the bsp connection to come up...[0m
2023.10.24 14:20:08 ERROR Waiting for the bsp connection to come up...[0m
2023.10.24 14:20:08 ERROR Waiting for the bsp connection to come up...[0m
2023.10.24 14:20:08 ERROR Waiting for the bsp connection to come up...[0m
2023.10.24 14:20:08 ERROR Waiting for the bsp connection to come up...[0m
2023.10.24 14:20:08 ERROR Waiting for the bsp connection to come up...[0m
2023.10.24 14:20:08 ERROR error: Giving up on waiting for a connection, printing embedded bloop logs:[0m
2023.10.24 14:20:08 ERROR > No server running at 127.0.0.1:8212, let's fire one...[0m
2023.10.24 14:20:08 ERROR > Resolving ch.epfl.scala:bloop-frontend_2.12:1.5.11...[0m
2023.10.24 14:20:08 ERROR error: The launcher failed to establish a bsp connection, aborting...[0m
2023.10.24 14:20:08 ERROR Failed to connect with build server, no functionality will work.
java.lang.RuntimeException: The server did not start, got FailedToOpenBspConnection
	at bloop.launcher.LauncherMain.failPromise$1(Launcher.scala:92)
	at bloop.launcher.LauncherMain.runLauncher(Launcher.scala:119)
	at scala.meta.internal.metals.BloopServers$$anon$2.run(BloopServers.scala:500)
	at java.util.concurrent.Executors$RunnableAdapter.call(Executors.java:515)
	at java.util.concurrent.FutureTask.run(FutureTask.java:264)
	at java.util.concurrent.ThreadPoolExecutor.runWorker(ThreadPoolExecutor.java:1128)
	at java.util.concurrent.ThreadPoolExecutor$Worker.run(ThreadPoolExecutor.java:628)
	at java.lang.Thread.run(Thread.java:829)
[0m
Oct 24, 2023 2:27:21 PM org.eclipse.lsp4j.jsonrpc.RemoteEndpoint handleCancellation
WARNING: Unmatched cancel notification for request id 1002
2023.10.24 14:27:29 WARN  no build target for: /home/isac/Desktop/Schollhub/Kojun/kojun/src/main/scala/kojun.scala[0m
2023.10.24 14:30:08 WARN  no build target for: /home/isac/Desktop/Schollhub/Kojun/kojun/src/main/scala/kojun.scala[0m
2023.10.24 14:30:27 WARN  no build target for: /home/isac/Desktop/Schollhub/Kojun/kojun/src/main/scala/kojun.scala[0m
2023.10.24 14:31:21 WARN  no build target for: /home/isac/Desktop/Schollhub/Kojun/kojun/src/main/scala/kojun.scala[0m
2023.10.24 14:32:57 WARN  no build target for: /home/isac/Desktop/Schollhub/Kojun/kojun/src/main/scala/kojun.scala[0m
2023.10.24 14:32:58 WARN  no build target for: /home/isac/Desktop/Schollhub/Kojun/kojun/src/main/scala/kojun.scala[0m
2023.10.24 14:32:58 WARN  no build target for: /home/isac/Desktop/Schollhub/Kojun/kojun/src/main/scala/kojun.scala[0m
2023.10.24 14:36:15 WARN  no build target for: /home/isac/Desktop/Schollhub/Kojun/kojun/src/main/scala/kojun.scala[0m
2023.10.24 14:36:15 WARN  no build target for: /home/isac/Desktop/Schollhub/Kojun/kojun/src/main/scala/kojun.scala[0m
2023.10.24 14:36:48 WARN  no build target for: /home/isac/Desktop/Schollhub/Kojun/kojun/src/main/scala/kojun.scala[0m
2023.10.24 14:36:49 WARN  no build target for: /home/isac/Desktop/Schollhub/Kojun/kojun/src/main/scala/kojun.scala[0m
2023.10.24 14:36:53 WARN  no build target for: /home/isac/Desktop/Schollhub/Kojun/kojun/src/main/scala/kojun.scala[0m
2023.10.24 14:38:09 WARN  no build target for: /home/isac/Desktop/Schollhub/Kojun/kojun/src/main/scala/kojun.scala[0m
2023.10.24 14:38:41 WARN  no build target for: /home/isac/Desktop/Schollhub/Kojun/kojun/src/main/scala/kojun.scala[0m
2023.10.24 14:38:41 WARN  no build target for: /home/isac/Desktop/Schollhub/Kojun/kojun/src/main/scala/kojun.scala[0m
2023.10.24 14:38:42 WARN  no build target for: /home/isac/Desktop/Schollhub/Kojun/kojun/src/main/scala/kojun.scala[0m
2023.10.24 14:38:42 WARN  no build target for: /home/isac/Desktop/Schollhub/Kojun/kojun/src/main/scala/kojun.scala[0m
2023.10.24 14:38:42 WARN  no build target for: /home/isac/Desktop/Schollhub/Kojun/kojun/src/main/scala/kojun.scala[0m
2023.10.24 14:38:42 WARN  no build target for: /home/isac/Desktop/Schollhub/Kojun/kojun/src/main/scala/kojun.scala[0m
2023.10.24 14:40:34 WARN  no build target for: /home/isac/Desktop/Schollhub/Kojun/kojun/src/main/scala/kojun.scala[0m
2023.10.24 14:40:35 WARN  no build target for: /home/isac/Desktop/Schollhub/Kojun/kojun/src/main/scala/kojun.scala[0m
2023.10.24 14:42:14 WARN  no build target for: /home/isac/Desktop/Schollhub/Kojun/kojun/src/main/scala/kojun.scala[0m
2023.10.24 14:42:15 WARN  no build target for: /home/isac/Desktop/Schollhub/Kojun/kojun/src/main/scala/kojun.scala[0m
2023.10.24 14:42:15 WARN  no build target for: /home/isac/Desktop/Schollhub/Kojun/kojun/src/main/scala/kojun.scala[0m
2023.10.24 14:42:53 WARN  no build target for: /home/isac/Desktop/Schollhub/Kojun/kojun/src/main/scala/kojun.scala[0m
2023.10.24 14:43:11 WARN  no build target for: /home/isac/Desktop/Schollhub/Kojun/kojun/src/main/scala/kojun.scala[0m
2023.10.24 14:43:11 WARN  no build target for: /home/isac/Desktop/Schollhub/Kojun/kojun/src/main/scala/kojun.scala[0m
2023.10.24 14:43:11 WARN  no build target for: /home/isac/Desktop/Schollhub/Kojun/kojun/src/main/scala/kojun.scala[0m
Oct 24, 2023 2:43:44 PM org.eclipse.lsp4j.jsonrpc.RemoteEndpoint handleCancellation
WARNING: Unmatched cancel notification for request id 1568
2023.10.24 14:44:13 WARN  no build target for: /home/isac/Desktop/Schollhub/Kojun/kojun/src/main/scala/kojun.scala[0m
2023.10.24 14:44:14 WARN  no build target for: /home/isac/Desktop/Schollhub/Kojun/kojun/src/main/scala/kojun.scala[0m
2023.10.24 14:53:18 WARN  Could not find semantic tokens for: file:///home/isac/Desktop/Schollhub/Kojun/kojun/project/metals.sbt[0m
2023.10.24 14:53:27 WARN  no build target for: /home/isac/Desktop/Schollhub/Kojun/kojun/src/main/scala/data.scala[0m
2023.10.24 14:54:08 WARN  no build target for: /home/isac/Desktop/Schollhub/Kojun/kojun/src/main/scala/data.scala[0m
2023.10.24 14:54:10 WARN  no build target for: /home/isac/Desktop/Schollhub/Kojun/kojun/src/main/scala/data.scala[0m
2023.10.24 14:57:41 WARN  no build target for: /home/isac/Desktop/Schollhub/Kojun/kojun/src/main/scala/kojun.scala[0m
2023.10.24 14:57:41 WARN  no build target for: /home/isac/Desktop/Schollhub/Kojun/kojun/src/main/scala/kojun.scala[0m
2023.10.24 14:57:41 WARN  no build target for: /home/isac/Desktop/Schollhub/Kojun/kojun/src/main/scala/kojun.scala[0m
2023.10.24 14:59:56 ERROR scalafmt: /home/isac/Desktop/Schollhub/Kojun/kojun/src/main/scala/kojun.scala:13: error: [dialect scala3] identifier expected but val found
    valorRegiao: val,
                 ^[0m
2023.10.24 14:59:56 WARN  no build target for: /home/isac/Desktop/Schollhub/Kojun/kojun/src/main/scala/kojun.scala[0m
2023.10.24 14:59:56 ERROR scalafmt: /home/isac/Desktop/Schollhub/Kojun/kojun/src/main/scala/kojun.scala:13: error: [dialect scala3] identifier expected but val found
    valorRegiao: val,
                 ^[0m
2023.10.24 14:59:57 WARN  no build target for: /home/isac/Desktop/Schollhub/Kojun/kojun/src/main/scala/kojun.scala[0m
2023.10.24 15:00:28 ERROR scalafmt: /home/isac/Desktop/Schollhub/Kojun/kojun/src/main/scala/kojun.scala:13: error: [dialect scala3] identifier expected but val found
    valorRegiao: val,
                 ^[0m
2023.10.24 15:00:28 WARN  no build target for: /home/isac/Desktop/Schollhub/Kojun/kojun/src/main/scala/kojun.scala[0m
2023.10.24 15:00:28 ERROR scalafmt: /home/isac/Desktop/Schollhub/Kojun/kojun/src/main/scala/kojun.scala:13: error: [dialect scala3] identifier expected but val found
    valorRegiao: val,
                 ^[0m
2023.10.24 15:00:28 WARN  no build target for: /home/isac/Desktop/Schollhub/Kojun/kojun/src/main/scala/kojun.scala[0m
2023.10.24 15:00:50 ERROR scalafmt: /home/isac/Desktop/Schollhub/Kojun/kojun/src/main/scala/kojun.scala:13: error: [dialect scala3] identifier expected but var found
    valorRegiao: var ,
                 ^[0m
2023.10.24 15:00:50 WARN  no build target for: /home/isac/Desktop/Schollhub/Kojun/kojun/src/main/scala/kojun.scala[0m
2023.10.24 15:00:51 ERROR scalafmt: /home/isac/Desktop/Schollhub/Kojun/kojun/src/main/scala/kojun.scala:13: error: [dialect scala3] identifier expected but var found
    valorRegiao: var ,
                 ^[0m
2023.10.24 15:00:51 WARN  no build target for: /home/isac/Desktop/Schollhub/Kojun/kojun/src/main/scala/kojun.scala[0m
2023.10.24 15:00:51 ERROR scalafmt: /home/isac/Desktop/Schollhub/Kojun/kojun/src/main/scala/kojun.scala:13: error: [dialect scala3] identifier expected but var found
    valorRegiao: var ,
                 ^[0m
2023.10.24 15:00:50 WARN  no build target for: /home/isac/Desktop/Schollhub/Kojun/kojun/src/main/scala/kojun.scala[0m
2023.10.24 15:00:52 ERROR scalafmt: /home/isac/Desktop/Schollhub/Kojun/kojun/src/main/scala/kojun.scala:13: error: [dialect scala3] identifier expected but var found
    valorRegiao: var ,
                 ^[0m
2023.10.24 15:00:52 WARN  no build target for: /home/isac/Desktop/Schollhub/Kojun/kojun/src/main/scala/kojun.scala[0m
2023.10.24 15:00:52 ERROR scalafmt: /home/isac/Desktop/Schollhub/Kojun/kojun/src/main/scala/kojun.scala:13: error: [dialect scala3] identifier expected but var found
    valorRegiao: var ,
                 ^[0m
2023.10.24 15:00:52 WARN  no build target for: /home/isac/Desktop/Schollhub/Kojun/kojun/src/main/scala/kojun.scala[0m
2023.10.24 15:00:52 ERROR scalafmt: /home/isac/Desktop/Schollhub/Kojun/kojun/src/main/scala/kojun.scala:13: error: [dialect scala3] identifier expected but var found
    valorRegiao: var ,
                 ^[0m
2023.10.24 15:00:52 WARN  no build target for: /home/isac/Desktop/Schollhub/Kojun/kojun/src/main/scala/kojun.scala[0m
2023.10.24 15:01:02 ERROR scalafmt: /home/isac/Desktop/Schollhub/Kojun/kojun/src/main/scala/kojun.scala:24: error: [dialect scala3] identifier expected but var found
    vetor: var,
           ^[0m
2023.10.24 15:01:02 WARN  no build target for: /home/isac/Desktop/Schollhub/Kojun/kojun/src/main/scala/kojun.scala[0m
2023.10.24 15:01:10 INFO  Shutting down server[0m
2023.10.24 15:01:10 INFO  shutting down Metals[0m
2023.10.24 15:01:10 INFO  Exiting server[0m
2023.10.24 15:27:43 INFO  Started: Metals version 1.1.0 in folders '/home/isac/Desktop/Schollhub/Kojun' for client Visual Studio Code 1.83.1.[0m
2023.10.24 15:27:45 INFO  Attempting to connect to the build server...[0m
2023.10.24 15:27:45 INFO  skipping build import with status 'Installed'[0m
2023.10.24 15:27:45 INFO  Bloop uses /usr/lib/jvm/java-11-openjdk-amd64 defined at /home/isac/.bloop/bloop.json[0m
2023.10.24 15:27:49 INFO  tracing is disabled for protocol BSP, to enable tracing of incoming and outgoing JSON messages create an empty file at /home/isac/Desktop/Schollhub/Kojun/.metals/bsp.trace.json or /home/isac/.cache/metals/bsp.trace.json[0m
2023.10.24 15:27:51 INFO  time: Connected to build server in 5.78s[0m
2023.10.24 15:27:51 INFO  Connected to Build server: Bloop v1.5.11[0m
2023.10.24 15:27:51 INFO  no build target found for /home/isac/Desktop/Schollhub/Kojun/kojun/src/main/scala/data.scala. Using presentation compiler with project's scala-library version: 3.3.1[0m
2023.10.24 15:27:51 INFO  time: Imported build in 0.12s[0m
2023.10.24 15:27:53 INFO  no build target found for /home/isac/Desktop/Schollhub/Kojun/kojun/src/main/scala/data.scala. Using presentation compiler with project's scala-library version: 3.3.1[0m
2023.10.24 15:27:53 WARN  Could not find java sources in /usr/lib/jvm/src.zip, /usr/lib/jvm/lib/src.zip, /usr/lib/jvm/java-11-openjdk-amd64/src.zip, /usr/lib/jvm/java-11-openjdk-amd64/lib/src.zip, /usr/lib/jvm/src.zip, /usr/lib/jvm/lib/src.zip, /usr/lib/jvm/java-11-openjdk-amd64/src.zip, /usr/lib/jvm/java-11-openjdk-amd64/lib/src.zip. Java symbols will not be available.[0m
Oct 24, 2023 3:27:53 PM org.eclipse.lsp4j.jsonrpc.RemoteEndpoint handleCancellation
WARNING: Unmatched cancel notification for request id 10
2023.10.24 15:27:53 WARN  Could not find java sources in /usr/lib/jvm/src.zip, /usr/lib/jvm/lib/src.zip, /usr/lib/jvm/java-11-openjdk-amd64/src.zip, /usr/lib/jvm/java-11-openjdk-amd64/lib/src.zip, /usr/lib/jvm/src.zip, /usr/lib/jvm/lib/src.zip, /usr/lib/jvm/java-11-openjdk-amd64/src.zip, /usr/lib/jvm/java-11-openjdk-amd64/lib/src.zip. Java symbols will not be available.[0m
2023.10.24 15:27:53 WARN  Could not find java sources in /usr/lib/jvm/src.zip, /usr/lib/jvm/lib/src.zip, /usr/lib/jvm/java-11-openjdk-amd64/src.zip, /usr/lib/jvm/java-11-openjdk-amd64/lib/src.zip, /usr/lib/jvm/src.zip, /usr/lib/jvm/lib/src.zip, /usr/lib/jvm/java-11-openjdk-amd64/src.zip, /usr/lib/jvm/java-11-openjdk-amd64/lib/src.zip. Java symbols will not be available.[0m
2023.10.24 15:27:53 INFO  time: indexed workspace in 2.1s[0m
2023.10.24 15:28:45 INFO  compiling root (3 scala sources)[0m
2023.10.24 15:28:49 INFO  time: compiled root in 3.82s[0m
2023.10.24 15:28:49 INFO  compiling root (3 scala sources)[0m
2023.10.24 15:28:49 INFO  Deduplicating compilation of root from bsp client 'Metals 1.1.0' (since 59.464s)[0m
2023.10.24 15:28:49 INFO  compiling root (3 scala sources)[0m
2023.10.24 15:28:51 INFO  time: compiled root in 2.13s[0m
Oct 24, 2023 3:29:05 PM org.eclipse.lsp4j.jsonrpc.RemoteEndpoint handleCancellation
WARNING: Unmatched cancel notification for request id 32
2023.10.24 15:29:41 INFO  compiling root (3 scala sources)[0m
2023.10.24 15:29:42 INFO  time: compiled root in 1.1s[0m
2023.10.24 15:29:45 INFO  compiling root (3 scala sources)[0m
2023.10.24 15:29:45 INFO  time: compiled root in 1s[0m
2023.10.24 15:29:50 ERROR Failed to tokenize input for semantic tokens for /home/isac/Desktop/Schollhub/Kojun/kojun/src/main/scala/data.scala
scala.meta.tokenizers.TokenizeException: <input>:19: error: Invalid literal number
  val getValoresTabuleiro6x6: List[List[0int]] = List(
                                        ^
	at scala.meta.internal.tokenizers.Reporter.syntaxError(Reporter.scala:23)
	at scala.meta.internal.tokenizers.Reporter.syntaxError$(Reporter.scala:23)
	at scala.meta.internal.tokenizers.Reporter$$anon$1.syntaxError(Reporter.scala:33)
	at scala.meta.internal.tokenizers.Reporter.syntaxError(Reporter.scala:25)
	at scala.meta.internal.tokenizers.Reporter.syntaxError$(Reporter.scala:25)
	at scala.meta.internal.tokenizers.Reporter$$anon$1.syntaxError(Reporter.scala:33)
	at scala.meta.internal.tokenizers.LegacyScanner.checkNoLetter(LegacyScanner.scala:820)
	at scala.meta.internal.tokenizers.LegacyScanner.restOfUncertainToken$1(LegacyScanner.scala:864)
	at scala.meta.internal.tokenizers.LegacyScanner.getNumber(LegacyScanner.scala:872)
	at scala.meta.internal.tokenizers.LegacyScanner.fetchZero$1(LegacyScanner.scala:330)
	at scala.meta.internal.tokenizers.LegacyScanner.fetchToken(LegacyScanner.scala:332)
	at scala.meta.internal.tokenizers.LegacyScanner.nextToken(LegacyScanner.scala:211)
	at scala.meta.internal.tokenizers.LegacyScanner.foreach(LegacyScanner.scala:1011)
	at scala.meta.internal.tokenizers.ScalametaTokenizer.uncachedTokenize(ScalametaTokenizer.scala:24)
	at scala.meta.internal.tokenizers.ScalametaTokenizer.$anonfun$tokenize$1(ScalametaTokenizer.scala:17)
	at scala.collection.concurrent.TrieMap.getOrElseUpdate(TrieMap.scala:962)
	at scala.meta.internal.tokenizers.ScalametaTokenizer.tokenize(ScalametaTokenizer.scala:17)
	at scala.meta.internal.tokenizers.ScalametaTokenizer$$anon$2.apply(ScalametaTokenizer.scala:332)
	at scala.meta.tokenizers.Api$XtensionTokenizeDialectInput.tokenize(Api.scala:25)
	at scala.meta.tokenizers.Api$XtensionTokenizeInputLike.tokenize(Api.scala:14)
	at scala.meta.internal.metals.SemanticTokensProvider$.getTokens(SemanticTokensProvider.scala:28)
	at scala.meta.internal.metals.SemanticTokensProvider$.provide(SemanticTokensProvider.scala:89)
	at scala.meta.internal.metals.Compilers.$anonfun$semanticTokens$3(Compilers.scala:539)
	at scala.concurrent.impl.Promise$Transformation.run(Promise.scala:467)
	at java.util.concurrent.ThreadPoolExecutor.runWorker(ThreadPoolExecutor.java:1128)
	at java.util.concurrent.ThreadPoolExecutor$Worker.run(ThreadPoolExecutor.java:628)
	at java.lang.Thread.run(Thread.java:829)
[0m
2023.10.24 15:30:10 INFO  compiling root (3 scala sources)[0m
2023.10.24 15:30:11 INFO  time: compiled root in 1.01s[0m
2023.10.24 15:30:16 INFO  compiling root (3 scala sources)[0m
2023.10.24 15:30:16 INFO  time: compiled root in 0.78s[0m
2023.10.24 15:30:19 INFO  compiling root (3 scala sources)[0m
2023.10.24 15:30:19 INFO  time: compiled root in 0.8s[0m
2023.10.24 15:30:19 INFO  compiling root (3 scala sources)[0m
2023.10.24 15:30:21 INFO  time: compiled root in 0.75s[0m
2023.10.24 15:30:22 INFO  compiling root (3 scala sources)[0m
2023.10.24 15:30:22 INFO  time: compiled root in 0.74s[0m
2023.10.24 15:30:26 INFO  compiling root (3 scala sources)[0m
2023.10.24 15:30:26 INFO  time: compiled root in 0.84s[0m
2023.10.24 15:30:26 INFO  compiling root (3 scala sources)[0m
2023.10.24 15:30:28 INFO  time: compiled root in 0.83s[0m
2023.10.24 15:30:28 INFO  compiling root (3 scala sources)[0m
2023.10.24 15:30:28 INFO  time: compiled root in 0.7s[0m
2023.10.24 15:30:33 INFO  compiling root (3 scala sources)[0m
Oct 24, 2023 3:30:34 PM org.eclipse.lsp4j.jsonrpc.RemoteEndpoint handleCancellation
WARNING: Unmatched cancel notification for request id 389
Oct 24, 2023 3:30:34 PM org.eclipse.lsp4j.jsonrpc.RemoteEndpoint handleCancellation
WARNING: Unmatched cancel notification for request id 390
Oct 24, 2023 3:30:34 PM org.eclipse.lsp4j.jsonrpc.RemoteEndpoint handleCancellation
WARNING: Unmatched cancel notification for request id 388
2023.10.24 15:30:34 INFO  time: compiled root in 1.1s[0m
2023.10.24 15:30:34 INFO  compiling root (3 scala sources)[0m
2023.10.24 15:30:34 INFO  time: compiled root in 0.79s[0m
2023.10.24 15:33:08 ERROR scalafmt: /home/isac/Desktop/Schollhub/Kojun/kojun/src/main/scala/kojun.scala:24: error: [dialect scala3] identifier expected but var found
    vetor: var,
           ^[0m
2023.10.24 15:33:08 INFO  compiling root (3 scala sources)[0m
2023.10.24 15:33:08 INFO  time: compiled root in 0.6s[0m
2023.10.24 15:33:28 ERROR scalafmt: /home/isac/Desktop/Schollhub/Kojun/kojun/src/main/scala/kojun.scala:24: error: [dialect scala3] identifier expected but var found
    vetor: var,
           ^[0m
2023.10.24 15:33:28 INFO  compiling root (3 scala sources)[0m
2023.10.24 15:33:28 INFO  time: compiled root in 0.14s[0m
2023.10.24 15:33:40 ERROR scalafmt: /home/isac/Desktop/Schollhub/Kojun/kojun/src/main/scala/kojun.scala:24: error: [dialect scala3] identifier expected but var found
    vetor: var,
           ^[0m
2023.10.24 15:33:40 INFO  compiling root (3 scala sources)[0m
2023.10.24 15:33:40 WARN  Using indexes to guess the definition of Int[0m
2023.10.24 15:33:40 INFO  time: compiled root in 0.27s[0m
2023.10.24 15:33:40 ERROR scalafmt: /home/isac/Desktop/Schollhub/Kojun/kojun/src/main/scala/kojun.scala:24: error: [dialect scala3] identifier expected but var found
    vetor: var,
           ^[0m
2023.10.24 15:33:40 INFO  compiling root (3 scala sources)[0m
2023.10.24 15:33:40 INFO  time: compiled root in 0.2s[0m
2023.10.24 15:34:44 WARN  Using indexes to guess the definition of Nil[0m
2023.10.24 15:34:44 ERROR scalafmt: /home/isac/Desktop/Schollhub/Kojun/kojun/src/main/scala/kojun.scala:24: error: [dialect scala3] identifier expected but var found
    vetor: var,
           ^[0m
2023.10.24 15:34:44 INFO  compiling root (3 scala sources)[0m
2023.10.24 15:34:44 INFO  time: compiled root in 0.8s[0m
2023.10.24 15:35:02 WARN  Using indexes to guess the definition of map[0m
2023.10.24 15:35:04 ERROR scalafmt: /home/isac/Desktop/Schollhub/Kojun/kojun/src/main/scala/kojun.scala:22: error: [dialect scala3] end of file expected but } found
}
^[0m
2023.10.24 15:35:04 INFO  compiling root (3 scala sources)[0m
2023.10.24 15:35:04 INFO  time: compiled root in 0.1s[0m
2023.10.24 15:35:04 ERROR scalafmt: /home/isac/Desktop/Schollhub/Kojun/kojun/src/main/scala/kojun.scala:22: error: [dialect scala3] end of file expected but } found
}
^[0m
2023.10.24 15:35:04 INFO  compiling root (3 scala sources)[0m
2023.10.24 15:35:04 INFO  time: compiled root in 0.12s[0m
2023.10.24 15:35:14 ERROR scalafmt: /home/isac/Desktop/Schollhub/Kojun/kojun/src/main/scala/kojun.scala:26: error: [dialect scala3] identifier expected but var found
    vetor: var,
           ^[0m
2023.10.24 15:35:14 INFO  compiling root (3 scala sources)[0m
2023.10.24 15:35:14 INFO  time: compiled root in 0.15s[0m
2023.10.24 15:35:24 ERROR scalafmt: /home/isac/Desktop/Schollhub/Kojun/kojun/src/main/scala/kojun.scala:26: error: [dialect scala3] identifier expected but var found
    vetor: var,
           ^[0m
2023.10.24 15:35:24 INFO  compiling root (3 scala sources)[0m
2023.10.24 15:35:24 INFO  time: compiled root in 0.14s[0m
2023.10.24 15:35:31 ERROR scalafmt: /home/isac/Desktop/Schollhub/Kojun/kojun/src/main/scala/kojun.scala:26: error: [dialect scala3] identifier expected but var found
    vetor: var,
           ^[0m
2023.10.24 15:35:31 INFO  compiling root (3 scala sources)[0m
2023.10.24 15:35:31 INFO  time: compiled root in 0.17s[0m
2023.10.24 15:35:41 INFO  compiling root (3 scala sources)[0m
2023.10.24 15:35:41 INFO  time: compiled root in 0.16s[0m
2023.10.24 15:35:59 INFO  compiling root (3 scala sources)[0m
2023.10.24 15:35:59 INFO  time: compiled root in 0.17s[0m
2023.10.24 15:36:01 INFO  compiling root (3 scala sources)[0m
2023.10.24 15:36:01 INFO  time: compiled root in 0.16s[0m
2023.10.24 15:36:29 INFO  compiling root (3 scala sources)[0m
2023.10.24 15:36:30 INFO  time: compiled root in 1.12s[0m
2023.10.24 15:36:30 INFO  compiling root (3 scala sources)[0m
2023.10.24 15:36:30 INFO  time: compiled root in 0.93s[0m
2023.10.24 15:36:51 INFO  compiling root (3 scala sources)[0m
2023.10.24 15:36:51 INFO  time: compiled root in 0.77s[0m
2023.10.24 15:37:45 INFO  compiling root (3 scala sources)[0m
2023.10.24 15:37:45 INFO  time: compiled root in 0.9s[0m
2023.10.24 15:37:53 INFO  compiling root (3 scala sources)[0m
2023.10.24 15:37:55 INFO  time: compiled root in 1.01s[0m
2023.10.24 15:38:01 INFO  compiling root (3 scala sources)[0m
2023.10.24 15:38:01 INFO  time: compiled root in 0.83s[0m
2023.10.24 15:38:01 INFO  compiling root (3 scala sources)[0m
2023.10.24 15:38:03 INFO  time: compiled root in 0.87s[0m
2023.10.24 15:39:31 INFO  compiling root (3 scala sources)[0m
2023.10.24 15:39:31 INFO  time: compiled root in 0.91s[0m
2023.10.24 15:39:46 INFO  compiling root (3 scala sources)[0m
2023.10.24 15:39:46 INFO  time: compiled root in 0.66s[0m
2023.10.24 15:40:03 INFO  compiling root (3 scala sources)[0m
2023.10.24 15:40:03 INFO  time: compiled root in 0.96s[0m
2023.10.24 15:40:03 INFO  compiling root (3 scala sources)[0m
2023.10.24 15:40:05 INFO  time: compiled root in 0.86s[0m
2023.10.24 15:40:15 INFO  compiling root (3 scala sources)[0m
2023.10.24 15:40:15 INFO  time: compiled root in 0.69s[0m
Oct 24, 2023 3:41:56 PM org.eclipse.lsp4j.jsonrpc.RemoteEndpoint handleCancellation
WARNING: Unmatched cancel notification for request id 1229
2023.10.24 15:42:07 INFO  compiling root (3 scala sources)[0m
2023.10.24 15:42:07 INFO  time: compiled root in 0.9s[0m
2023.10.24 15:42:07 INFO  compiling root (3 scala sources)[0m
2023.10.24 15:42:09 INFO  time: compiled root in 0.81s[0m
2023.10.24 15:42:09 INFO  compiling root (3 scala sources)[0m
2023.10.24 15:42:09 INFO  time: compiled root in 0.81s[0m
2023.10.24 15:42:09 INFO  compiling root (3 scala sources)[0m
2023.10.24 15:42:10 INFO  time: compiled root in 0.76s[0m
2023.10.24 15:42:10 INFO  compiling root (3 scala sources)[0m
2023.10.24 15:42:11 INFO  time: compiled root in 0.9s[0m
2023.10.24 15:42:11 INFO  compiling root (3 scala sources)[0m
2023.10.24 15:42:11 INFO  time: compiled root in 0.82s[0m
2023.10.24 15:42:11 INFO  compiling root (3 scala sources)[0m
2023.10.24 15:42:13 INFO  time: compiled root in 0.74s[0m
2023.10.24 15:42:15 INFO  compiling root (3 scala sources)[0m
2023.10.24 15:42:15 INFO  time: compiled root in 0.96s[0m
2023.10.24 15:42:15 INFO  compiling root (3 scala sources)[0m
2023.10.24 15:42:17 INFO  time: compiled root in 0.84s[0m
2023.10.24 15:42:17 INFO  compiling root (3 scala sources)[0m
2023.10.24 15:42:17 INFO  time: compiled root in 0.72s[0m
2023.10.24 15:42:36 INFO  compiling root (3 scala sources)[0m
2023.10.24 15:42:36 INFO  time: compiled root in 0.87s[0m
2023.10.24 15:43:17 INFO  compiling root (3 scala sources)[0m
2023.10.24 15:43:17 INFO  time: compiled root in 0.84s[0m
2023.10.24 15:43:17 INFO  compiling root (3 scala sources)[0m
2023.10.24 15:43:18 INFO  time: compiled root in 0.77s[0m
2023.10.24 15:43:18 INFO  compiling root (3 scala sources)[0m
2023.10.24 15:43:18 INFO  time: compiled root in 0.74s[0m
2023.10.24 15:43:21 INFO  compiling root (3 scala sources)[0m
2023.10.24 15:43:21 INFO  time: compiled root in 0.83s[0m
2023.10.24 15:43:34 INFO  compiling root (3 scala sources)[0m
2023.10.24 15:43:34 INFO  time: compiled root in 0.91s[0m
2023.10.24 15:43:41 INFO  compiling root (3 scala sources)[0m
2023.10.24 15:43:41 INFO  time: compiled root in 0.82s[0m
2023.10.24 15:43:44 INFO  compiling root (3 scala sources)[0m
2023.10.24 15:43:45 INFO  time: compiled root in 1.49s[0m
2023.10.24 15:52:07 INFO  compiling root-test (1 scala source)[0m
2023.10.24 15:52:07 INFO  time: compiled root-test in 40ms[0m
2023.10.24 15:52:07 INFO  compiling root-test (1 scala source)[0m
2023.10.24 15:52:07 INFO  time: compiled root-test in 43ms[0m
2023.10.24 15:52:07 INFO  compiling root (1 scala source)[0m
2023.10.24 15:52:07 INFO  time: compiled root in 0.48s[0m
2023.10.24 15:53:15 INFO  compiling root (1 scala source)[0m
Oct 24, 2023 3:53:16 PM org.eclipse.lsp4j.jsonrpc.RemoteEndpoint handleCancellation
WARNING: Unmatched cancel notification for request id 1517
2023.10.24 15:53:15 INFO  time: compiled root in 0.61s[0m
Oct 24, 2023 3:53:16 PM org.eclipse.lsp4j.jsonrpc.RemoteEndpoint handleCancellation
WARNING: Unmatched cancel notification for request id 1518
